<?xml version="1.0" encoding="UTF-8" standalone="no"?>
<testsuite errors="0" failures="5" name="io.cucumber.core.plugin.JUnitFormatter" skipped="0" tests="5" time="31.913">
<testcase classname="feature to test google search functionality" name="Validate google search is working" time="6.63">
<failure message="The scenario has pending or undefined step(s)" type="java.lang.Exception"><![CDATA[Given browser is open.......................................................passed
And user is on google search page...........................................undefined
When user enters a text in search box.......................................skipped
And hits enter..............................................................skipped
Then user is navigated to search result.....................................skipped
]]></failure>
</testcase>
<testcase classname="feature to test login functionality" name="Check login is successful with valid credentials" time="0.03">
<failure message="" type="java.lang.NullPointerException"><![CDATA[Given user is on login page.................................................failed
When user enters username and password......................................skipped
And clicks on login button..................................................skipped
Then user is navigated to home page.........................................skipped

StackTrace:
java.lang.NullPointerException
	at stepdefinition.LoginDemoStep_PF.user_is_on_login_page(LoginDemoStep_PF.java:38)
	at ✽.user is on login page(file:///C:/LEO/Automation/Workspace/SeleniumCucumberJavaBDD/src/test/resources/Features/login.feature:8)
]]></failure>
</testcase>
<testcase classname="Test login functionality" name="Check login is successful with valid credentials" time="8.292">
<failure message="" type="java.lang.NullPointerException"><![CDATA[Given browser is open.......................................................passed
And user is on login page...................................................passed
When user enters Raghav and 12345...........................................passed
And user clicks on login....................................................passed
Then user is navigated to home page.........................................failed

StackTrace:
java.lang.NullPointerException
	at stepdefinition.LoginDemoStep_PF.user_is_navigated_to_home_page(LoginDemoStep_PF.java:64)
	at ✽.user is navigated to home page(file:///C:/LEO/Automation/Workspace/SeleniumCucumberJavaBDD/src/test/resources/Features/loginDemo.feature:8)
]]></failure>
</testcase>
<testcase classname="Test login functionality" name="Check login is successful with valid credentials 2" time="8.598">
<failure message="" type="java.lang.NullPointerException"><![CDATA[Given browser is open.......................................................passed
And user is on login page...................................................passed
When user enters Ele and 12345..............................................passed
And user clicks on login....................................................passed
Then user is navigated to home page.........................................failed

StackTrace:
java.lang.NullPointerException
	at stepdefinition.LoginDemoStep_PF.user_is_navigated_to_home_page(LoginDemoStep_PF.java:64)
	at ✽.user is navigated to home page(file:///C:/LEO/Automation/Workspace/SeleniumCucumberJavaBDD/src/test/resources/Features/loginDemo.feature:8)
]]></failure>
</testcase>
<testcase classname="Test login functionality" name="Check login is successful with valid credentials 3" time="7.909">
<failure message="" type="java.lang.NullPointerException"><![CDATA[Given browser is open.......................................................passed
And user is on login page...................................................passed
When user enters Jamaiyeski and 12345.......................................passed
And user clicks on login....................................................passed
Then user is navigated to home page.........................................failed

StackTrace:
java.lang.NullPointerException
	at stepdefinition.LoginDemoStep_PF.user_is_navigated_to_home_page(LoginDemoStep_PF.java:64)
	at ✽.user is navigated to home page(file:///C:/LEO/Automation/Workspace/SeleniumCucumberJavaBDD/src/test/resources/Features/loginDemo.feature:8)
]]></failure>
</testcase>
</testsuite>
